<html>
<head>
<title>TestNG:  Login Page Test</title>
<link href="../testng.css" rel="stylesheet" type="text/css" />
<link href="../my-testng.css" rel="stylesheet" type="text/css" />

<style type="text/css">
.log { display: none;} 
.stack-trace { display: none;} 
</style>
<script type="text/javascript">
<!--
function flip(e) {
  current = e.style.display;
  if (current == 'block') {
    e.style.display = 'none';
    return 0;
  }
  else {
    e.style.display = 'block';
    return 1;
  }
}

function toggleBox(szDivId, elem, msg1, msg2)
{
  var res = -1;  if (document.getElementById) {
    res = flip(document.getElementById(szDivId));
  }
  else if (document.all) {
    // this is the way old msie versions work
    res = flip(document.all[szDivId]);
  }
  if(elem) {
    if(res == 0) elem.innerHTML = msg1; else elem.innerHTML = msg2;
  }

}

function toggleAllBoxes() {
  if (document.getElementsByTagName) {
    d = document.getElementsByTagName('div');
    for (i = 0; i < d.length; i++) {
      if (d[i].className == 'log') {
        flip(d[i]);
      }
    }
  }
}

// -->
</script>

</head>
<body>
<h2 align='center'>Login Page Test</h2><table border='1' align="center">
<tr>
<td>Tests passed/Failed/Skipped:</td><td>4/0/0</td>
</tr><tr>
<td>Started on:</td><td>Sun Apr 14 16:28:31 CDT 2024</td>
</tr>
<tr><td>Total time:</td><td>17 seconds (17826 ms)</td>
</tr><tr>
<td>Included groups:</td><td></td>
</tr><tr>
<td>Excluded groups:</td><td></td>
</tr>
</table><p/>
<small><i>(Hover the method name to see the test class name)</i></small><p/>
<table width='100%' border='1' class='invocation-failed'>
<tr><td colspan='4' align='center'><b>FAILED TESTS</b></td></tr>
<tr><td><b>Test method</b></td>
<td width="30%"><b>Exception</b></td>
<td width="10%"><b>Time (seconds)</b></td>
<td><b>Instance</b></td>
</tr>
<tr>
<td title='com.opencart.testcases.ProductInfoPageTest.getProductInfoTest()'><b>getProductInfoTest</b><br>Test class: com.opencart.testcases.ProductInfoPageTest<br>Parameters: MacBook, MacBook Air, Product 17, $1,202.00</td>
<td><div><pre>java.lang.AssertionError: The following asserts failed:
	expected [true] but found [false],
	expected [Success: You have added MacBook Air to your shopping cart!] but found [Success: You have added MacBook Air to your shopping cart!
×],
	expected [true] but found [false],
	expected [Success: You have added MacBook Pro to your shopping cart!] but found [Success: You have added MacBook Pro to your shopping cart!
×]
	at org.testng.asserts.SoftAssert.assertAll(SoftAssert.java:47)
	at org.testng.asserts.SoftAssert.assertAll(SoftAssert.java:31)
	at com.opencart.testcases.ProductInfoPageTest.getProductInfoTest(ProductInfoPageTest.java:48)
	at java.base/jdk.internal.reflect.NativeMethodAccessorImpl.invoke0(Native Method)
	at java.base/jdk.internal.reflect.NativeMethodAccessorImpl.invoke(NativeMethodAccessorImpl.java:64)
	at java.base/jdk.internal.reflect.DelegatingMethodAccessorImpl.invoke(DelegatingMethodAccessorImpl.java:43)
	at java.base/java.lang.reflect.Method.invoke(Method.java:564)
	at org.testng.internal.MethodInvocationHelper.invokeMethod(MethodInvocationHelper.java:134)
	at org.testng.internal.TestInvoker.invokeMethod(TestInvoker.java:597)
	at org.testng.internal.TestInvoker.invokeTestMethod(TestInvoker.java:173)
	at org.testng.internal.MethodRunner.runInSequence(MethodRunner.java:46)
	at org.testng.internal.TestInvoker$MethodInvocationAgent.invoke(TestInvoker.java:816)
	at org.testng.internal.TestInvoker.invokeTestMethods(TestInvoker.java:146)
	at org.testng.internal.TestMethodWorker.invokeTestMethods(TestMethodWorker.java:146)
	at org.testng.internal.TestMethodWorker.run(TestMethodWorker.java:128)
	at java.base/java.util.ArrayList.forEach(ArrayList.java:1511)
	at org.testng.TestRunner.privateRun(TestRunner.java:766)
	at org.testng.TestRunner.run(TestRunner.java:587)
	at org.testng.SuiteRunner.runTest(SuiteRunner.java:384)
	at org.testng.SuiteRunner.access$000(SuiteRunner.java:28)
	at org.testng.SuiteRunner$SuiteWorker.run(SuiteRunner.java:425)
	at org.testng.internal.thread.ThreadUtil.lambda$execute$0(ThreadUtil.java:68)
	at java.base/java.util.concurrent.FutureTask.run(FutureTask.java:264)
	at java.base/java.util.concurrent.ThreadPoolExecutor.runWorker(ThreadPoolExecutor.java:1130)
	at java.base/java.util.concurrent.ThreadPoolExecutor$Worker.run(ThreadPoolExecutor.java:630)
	at java.base/java.lang.Thread.run(Thread.java:832)
</pre></div><a href='#' onClick='toggleBox("stack-trace1424723386", this, "Click to show all stack frames", "Click to hide stack frames")'>Click to show all stack frames</a>
<div class='stack-trace' id='stack-trace1424723386'><pre>java.lang.AssertionError: The following asserts failed:
	expected [true] but found [false],
	expected [Success: You have added MacBook Air to your shopping cart!] but found [Success: You have added MacBook Air to your shopping cart!
×],
	expected [true] but found [false],
	expected [Success: You have added MacBook Pro to your shopping cart!] but found [Success: You have added MacBook Pro to your shopping cart!
×]
	at org.testng.asserts.SoftAssert.assertAll(SoftAssert.java:47)
	at org.testng.asserts.SoftAssert.assertAll(SoftAssert.java:31)
	at com.opencart.testcases.ProductInfoPageTest.getProductInfoTest(ProductInfoPageTest.java:48)
	at java.base/jdk.internal.reflect.NativeMethodAccessorImpl.invoke0(Native Method)
	at java.base/jdk.internal.reflect.NativeMethodAccessorImpl.invoke(NativeMethodAccessorImpl.java:64)
	at java.base/jdk.internal.reflect.DelegatingMethodAccessorImpl.invoke(DelegatingMethodAccessorImpl.java:43)
	at java.base/java.lang.reflect.Method.invoke(Method.java:564)
	at org.testng.internal.MethodInvocationHelper.invokeMethod(MethodInvocationHelper.java:134)
	at org.testng.internal.TestInvoker.invokeMethod(TestInvoker.java:597)
	at org.testng.internal.TestInvoker.invokeTestMethod(TestInvoker.java:173)
	at org.testng.internal.MethodRunner.runInSequence(MethodRunner.java:46)
	at org.testng.internal.TestInvoker$MethodInvocationAgent.invoke(TestInvoker.java:816)
	at org.testng.internal.TestInvoker.invokeTestMethods(TestInvoker.java:146)
	at org.testng.internal.TestMethodWorker.invokeTestMethods(TestMethodWorker.java:146)
	at org.testng.internal.TestMethodWorker.run(TestMethodWorker.java:128)
	at java.base/java.util.ArrayList.forEach(ArrayList.java:1511)
	at org.testng.TestRunner.privateRun(TestRunner.java:766)
	at org.testng.TestRunner.run(TestRunner.java:587)
	at org.testng.SuiteRunner.runTest(SuiteRunner.java:384)
	at org.testng.SuiteRunner.access$000(SuiteRunner.java:28)
	at org.testng.SuiteRunner$SuiteWorker.run(SuiteRunner.java:425)
	at org.testng.internal.thread.ThreadUtil.lambda$execute$0(ThreadUtil.java:68)
	at java.base/java.util.concurrent.FutureTask.run(FutureTask.java:264)
	at java.base/java.util.concurrent.ThreadPoolExecutor.runWorker(ThreadPoolExecutor.java:1130)
	at java.base/java.util.concurrent.ThreadPoolExecutor$Worker.run(ThreadPoolExecutor.java:630)
	at java.base/java.lang.Thread.run(Thread.java:832)
</pre></div></td>
<td>3</td>
<td>com.opencart.testcases.ProductInfoPageTest@48974e45</td></tr>
<tr>
<td title='com.opencart.testcases.ProductInfoPageTest.getProductInfoTest()'><b>getProductInfoTest</b><br>Test class: com.opencart.testcases.ProductInfoPageTest<br>Parameters: Samsung, Samsung SyncMaster 941BW, Product 6, $242.00</td>
<td><div><pre>java.lang.AssertionError: The following asserts failed:
	expected [true] but found [false],
	expected [Success: You have added MacBook Air to your shopping cart!] but found [Success: You have added MacBook Air to your shopping cart!
×],
	expected [true] but found [false],
	expected [Success: You have added MacBook Pro to your shopping cart!] but found [Success: You have added MacBook Pro to your shopping cart!
×]
	at org.testng.asserts.SoftAssert.assertAll(SoftAssert.java:47)
	at org.testng.asserts.SoftAssert.assertAll(SoftAssert.java:31)
	at com.opencart.testcases.ProductInfoPageTest.getProductInfoTest(ProductInfoPageTest.java:48)
	at java.base/jdk.internal.reflect.NativeMethodAccessorImpl.invoke0(Native Method)
	at java.base/jdk.internal.reflect.NativeMethodAccessorImpl.invoke(NativeMethodAccessorImpl.java:64)
	at java.base/jdk.internal.reflect.DelegatingMethodAccessorImpl.invoke(DelegatingMethodAccessorImpl.java:43)
	at java.base/java.lang.reflect.Method.invoke(Method.java:564)
	at org.testng.internal.MethodInvocationHelper.invokeMethod(MethodInvocationHelper.java:134)
	at org.testng.internal.TestInvoker.invokeMethod(TestInvoker.java:597)
	at org.testng.internal.TestInvoker.invokeTestMethod(TestInvoker.java:173)
	at org.testng.internal.MethodRunner.runInSequence(MethodRunner.java:46)
	at org.testng.internal.TestInvoker$MethodInvocationAgent.invoke(TestInvoker.java:816)
	at org.testng.internal.TestInvoker.invokeTestMethods(TestInvoker.java:146)
	at org.testng.internal.TestMethodWorker.invokeTestMethods(TestMethodWorker.java:146)
	at org.testng.internal.TestMethodWorker.run(TestMethodWorker.java:128)
	at java.base/java.util.ArrayList.forEach(ArrayList.java:1511)
	at org.testng.TestRunner.privateRun(TestRunner.java:766)
	at org.testng.TestRunner.run(TestRunner.java:587)
	at org.testng.SuiteRunner.runTest(SuiteRunner.java:384)
	at org.testng.SuiteRunner.access$000(SuiteRunner.java:28)
	at org.testng.SuiteRunner$SuiteWorker.run(SuiteRunner.java:425)
	at org.testng.internal.thread.ThreadUtil.lambda$execute$0(ThreadUtil.java:68)
	at java.base/java.util.concurrent.FutureTask.run(FutureTask.java:264)
	at java.base/java.util.concurrent.ThreadPoolExecutor.runWorker(ThreadPoolExecutor.java:1130)
	at java.base/java.util.concurrent.ThreadPoolExecutor$Worker.run(ThreadPoolExecutor.java:630)
	at java.base/java.lang.Thread.run(Thread.java:832)
</pre></div><a href='#' onClick='toggleBox("stack-trace311829501", this, "Click to show all stack frames", "Click to hide stack frames")'>Click to show all stack frames</a>
<div class='stack-trace' id='stack-trace311829501'><pre>java.lang.AssertionError: The following asserts failed:
	expected [true] but found [false],
	expected [Success: You have added MacBook Air to your shopping cart!] but found [Success: You have added MacBook Air to your shopping cart!
×],
	expected [true] but found [false],
	expected [Success: You have added MacBook Pro to your shopping cart!] but found [Success: You have added MacBook Pro to your shopping cart!
×]
	at org.testng.asserts.SoftAssert.assertAll(SoftAssert.java:47)
	at org.testng.asserts.SoftAssert.assertAll(SoftAssert.java:31)
	at com.opencart.testcases.ProductInfoPageTest.getProductInfoTest(ProductInfoPageTest.java:48)
	at java.base/jdk.internal.reflect.NativeMethodAccessorImpl.invoke0(Native Method)
	at java.base/jdk.internal.reflect.NativeMethodAccessorImpl.invoke(NativeMethodAccessorImpl.java:64)
	at java.base/jdk.internal.reflect.DelegatingMethodAccessorImpl.invoke(DelegatingMethodAccessorImpl.java:43)
	at java.base/java.lang.reflect.Method.invoke(Method.java:564)
	at org.testng.internal.MethodInvocationHelper.invokeMethod(MethodInvocationHelper.java:134)
	at org.testng.internal.TestInvoker.invokeMethod(TestInvoker.java:597)
	at org.testng.internal.TestInvoker.invokeTestMethod(TestInvoker.java:173)
	at org.testng.internal.MethodRunner.runInSequence(MethodRunner.java:46)
	at org.testng.internal.TestInvoker$MethodInvocationAgent.invoke(TestInvoker.java:816)
	at org.testng.internal.TestInvoker.invokeTestMethods(TestInvoker.java:146)
	at org.testng.internal.TestMethodWorker.invokeTestMethods(TestMethodWorker.java:146)
	at org.testng.internal.TestMethodWorker.run(TestMethodWorker.java:128)
	at java.base/java.util.ArrayList.forEach(ArrayList.java:1511)
	at org.testng.TestRunner.privateRun(TestRunner.java:766)
	at org.testng.TestRunner.run(TestRunner.java:587)
	at org.testng.SuiteRunner.runTest(SuiteRunner.java:384)
	at org.testng.SuiteRunner.access$000(SuiteRunner.java:28)
	at org.testng.SuiteRunner$SuiteWorker.run(SuiteRunner.java:425)
	at org.testng.internal.thread.ThreadUtil.lambda$execute$0(ThreadUtil.java:68)
	at java.base/java.util.concurrent.FutureTask.run(FutureTask.java:264)
	at java.base/java.util.concurrent.ThreadPoolExecutor.runWorker(ThreadPoolExecutor.java:1130)
	at java.base/java.util.concurrent.ThreadPoolExecutor$Worker.run(ThreadPoolExecutor.java:630)
	at java.base/java.lang.Thread.run(Thread.java:832)
</pre></div></td>
<td>3</td>
<td>com.opencart.testcases.ProductInfoPageTest@48974e45</td></tr>
</table><p>
<table width='100%' border='1' class='invocation-passed'>
<tr><td colspan='4' align='center'><b>PASSED TESTS</b></td></tr>
<tr><td><b>Test method</b></td>
<td width="30%"><b>Exception</b></td>
<td width="10%"><b>Time (seconds)</b></td>
<td><b>Instance</b></td>
</tr>
<tr>
<td title='com.opencart.testcases.AccountPageTest.AccHeadersTest()'><b>AccHeadersTest</b><br>Test class: com.opencart.testcases.AccountPageTest</td>
<td></td>
<td>0</td>
<td>com.opencart.testcases.AccountPageTest@34f5090e</td></tr>
<tr>
<td title='com.opencart.testcases.AccountPageTest.AccountPageURLTest()'><b>AccountPageURLTest</b><br>Test class: com.opencart.testcases.AccountPageTest</td>
<td></td>
<td>0</td>
<td>com.opencart.testcases.AccountPageTest@34f5090e</td></tr>
<tr>
<td title='com.opencart.testcases.AccountPageTest.AccountPgTitleTest()'><b>AccountPgTitleTest</b><br>Test class: com.opencart.testcases.AccountPageTest</td>
<td></td>
<td>0</td>
<td>com.opencart.testcases.AccountPageTest@34f5090e</td></tr>
<tr>
<td title='com.opencart.testcases.ProductInfoPageTest.AddToCartTest()'><b>AddToCartTest</b><br>Test class: com.opencart.testcases.ProductInfoPageTest<br>Parameters: MacBook, MacBook Air, 2</td>
<td></td>
<td>8</td>
<td>com.opencart.testcases.ProductInfoPageTest@48974e45</td></tr>
<tr>
<td title='com.opencart.testcases.ProductInfoPageTest.AddToCartTest()'><b>AddToCartTest</b><br>Test class: com.opencart.testcases.ProductInfoPageTest<br>Parameters: MacBook, MacBook Pro, 4</td>
<td></td>
<td>5</td>
<td>com.opencart.testcases.ProductInfoPageTest@48974e45</td></tr>
<tr>
<td title='com.opencart.testcases.LoginPageTest.LoginPageTilteTest()'><b>LoginPageTilteTest</b><br>Test class: com.opencart.testcases.LoginPageTest</td>
<td></td>
<td>0</td>
<td>com.opencart.testcases.LoginPageTest@3315d2d7</td></tr>
<tr>
<td title='com.opencart.testcases.LoginPageTest.LoginPageURLTest()'><b>LoginPageURLTest</b><br>Test class: com.opencart.testcases.LoginPageTest</td>
<td></td>
<td>0</td>
<td>com.opencart.testcases.LoginPageTest@3315d2d7</td></tr>
<tr>
<td title='com.opencart.testcases.AccountPageTest.LogoutLinkExistTest()'><b>LogoutLinkExistTest</b><br>Test class: com.opencart.testcases.AccountPageTest</td>
<td></td>
<td>0</td>
<td>com.opencart.testcases.AccountPageTest@34f5090e</td></tr>
<tr>
<td title='com.opencart.testcases.AccountPageTest.PerformSearchTest()'><b>PerformSearchTest</b><br>Test class: com.opencart.testcases.AccountPageTest<br>Parameters: MacBook</td>
<td></td>
<td>2</td>
<td>com.opencart.testcases.AccountPageTest@34f5090e</td></tr>
<tr>
<td title='com.opencart.testcases.AccountPageTest.PerformSearchTest()'><b>PerformSearchTest</b><br>Test class: com.opencart.testcases.AccountPageTest<br>Parameters: MacBook Pro</td>
<td></td>
<td>2</td>
<td>com.opencart.testcases.AccountPageTest@34f5090e</td></tr>
<tr>
<td title='com.opencart.testcases.ProductInfoPageTest.ProdDecsriptionTest()'><b>ProdDecsriptionTest</b><br>Test class: com.opencart.testcases.ProductInfoPageTest<br>Parameters: MacBook, MacBook Air</td>
<td></td>
<td>2</td>
<td>com.opencart.testcases.ProductInfoPageTest@48974e45</td></tr>
<tr>
<td title='com.opencart.testcases.ProductInfoPageTest.ProdDecsriptionTest()'><b>ProdDecsriptionTest</b><br>Test class: com.opencart.testcases.ProductInfoPageTest<br>Parameters: MacBook, MacBook Pro</td>
<td></td>
<td>2</td>
<td>com.opencart.testcases.ProductInfoPageTest@48974e45</td></tr>
<tr>
<td title='com.opencart.testcases.ProductInfoPageTest.ProdImageCountTest()'><b>ProdImageCountTest</b><br>Test class: com.opencart.testcases.ProductInfoPageTest<br>Parameters: MacBook, MacBook Air, 2</td>
<td></td>
<td>2</td>
<td>com.opencart.testcases.ProductInfoPageTest@48974e45</td></tr>
<tr>
<td title='com.opencart.testcases.ProductInfoPageTest.ProdImageCountTest()'><b>ProdImageCountTest</b><br>Test class: com.opencart.testcases.ProductInfoPageTest<br>Parameters: MacBook, MacBook Pro, 4</td>
<td></td>
<td>2</td>
<td>com.opencart.testcases.ProductInfoPageTest@48974e45</td></tr>
<tr>
<td title='com.opencart.testcases.RegisterPageTest.RegisterPgTitleTest()'><b>RegisterPgTitleTest</b><br>Test class: com.opencart.testcases.RegisterPageTest</td>
<td></td>
<td>1</td>
<td>com.opencart.testcases.RegisterPageTest@2fd1433e</td></tr>
<tr>
<td title='com.opencart.testcases.RegisterPageTest.RegistrationTest()'><b>RegistrationTest</b><br>Test class: com.opencart.testcases.RegisterPageTest<br>Parameters: amit, bidkar, 9898989898, amit@123, yes</td>
<td></td>
<td>11</td>
<td>com.opencart.testcases.RegisterPageTest@2fd1433e</td></tr>
<tr>
<td title='com.opencart.testcases.RegisterPageTest.RegistrationTest()'><b>RegistrationTest</b><br>Test class: com.opencart.testcases.RegisterPageTest<br>Parameters: meenakshi, sharma, 9876543212, meen@123, yes</td>
<td></td>
<td>9</td>
<td>com.opencart.testcases.RegisterPageTest@2fd1433e</td></tr>
<tr>
<td title='com.opencart.testcases.RegisterPageTest.RegistrationTest()'><b>RegistrationTest</b><br>Test class: com.opencart.testcases.RegisterPageTest<br>Parameters: vinutha, ravi, 9898978986, vinu@123, yes</td>
<td></td>
<td>9</td>
<td>com.opencart.testcases.RegisterPageTest@2fd1433e</td></tr>
<tr>
<td title='com.opencart.testcases.AccountPageTest.SearchPageExistsTest()'><b>SearchPageExistsTest</b><br>Test class: com.opencart.testcases.AccountPageTest</td>
<td></td>
<td>0</td>
<td>com.opencart.testcases.AccountPageTest@34f5090e</td></tr>
<tr>
<td title='com.opencart.testcases.AccountPageTest.SearchProductCountTest()'><b>SearchProductCountTest</b><br>Test class: com.opencart.testcases.AccountPageTest<br>Parameters: MacBook</td>
<td></td>
<td>2</td>
<td>com.opencart.testcases.AccountPageTest@34f5090e</td></tr>
<tr>
<td title='com.opencart.testcases.AccountPageTest.SearchProductCountTest()'><b>SearchProductCountTest</b><br>Test class: com.opencart.testcases.AccountPageTest<br>Parameters: MacBook Pro</td>
<td></td>
<td>1</td>
<td>com.opencart.testcases.AccountPageTest@34f5090e</td></tr>
<tr>
<td title='com.opencart.testcases.AccountPageTest.SelectProductTest()'><b>SelectProductTest</b><br>Test class: com.opencart.testcases.AccountPageTest<br>Parameters: MacBook</td>
<td></td>
<td>3</td>
<td>com.opencart.testcases.AccountPageTest@34f5090e</td></tr>
<tr>
<td title='com.opencart.testcases.AccountPageTest.SelectProductTest()'><b>SelectProductTest</b><br>Test class: com.opencart.testcases.AccountPageTest<br>Parameters: MacBook Pro</td>
<td></td>
<td>3</td>
<td>com.opencart.testcases.AccountPageTest@34f5090e</td></tr>
<tr>
<td title='com.opencart.testcases.LoginPageTest.forgotPwdLinkExistTest()'><b>forgotPwdLinkExistTest</b><br>Test class: com.opencart.testcases.LoginPageTest</td>
<td></td>
<td>0</td>
<td>com.opencart.testcases.LoginPageTest@3315d2d7</td></tr>
<tr>
<td title='com.opencart.testcases.LoginPageTest.logintest()'><b>logintest</b><br>Test class: com.opencart.testcases.LoginPageTest</td>
<td></td>
<td>4</td>
<td>com.opencart.testcases.LoginPageTest@3315d2d7</td></tr>
</table><p>
</body>
</html>