<?xml version="1.0" encoding="UTF-8"?>
<!-- Generated by org.testng.reporters.JUnitXMLReporter -->
<testsuite ignored="6" hostname="pavanis-Air" failures="0" tests="27" name="OpenCart Project" time="14.677" errors="0" timestamp="2024-04-14T17:51:20 CDT">
  <testcase classname="com.opencart.testcases.AccountPageTest" name="@BeforeClass Accountspgsetup" time="0.002">
    <failure type="java.lang.NullPointerException" message="Cannot invoke &amp;quot;java.util.Properties.getProperty(String)&amp;quot; because &amp;quot;this.prop&amp;quot; is null">
      <![CDATA[java.lang.NullPointerException: Cannot invoke "java.util.Properties.getProperty(String)" because "this.prop" is null
at com.opencart.testcases.AccountPageTest.Accountspgsetup(AccountPageTest.java:16)
at java.base/jdk.internal.reflect.NativeMethodAccessorImpl.invoke0(Native Method)
at java.base/jdk.internal.reflect.NativeMethodAccessorImpl.invoke(NativeMethodAccessorImpl.java:64)
at java.base/jdk.internal.reflect.DelegatingMethodAccessorImpl.invoke(DelegatingMethodAccessorImpl.java:43)
at java.base/java.lang.reflect.Method.invoke(Method.java:564)
at org.testng.internal.MethodInvocationHelper.invokeMethod(MethodInvocationHelper.java:134)
at org.testng.internal.MethodInvocationHelper.invokeMethodConsideringTimeout(MethodInvocationHelper.java:63)
at org.testng.internal.ConfigInvoker.invokeConfigurationMethod(ConfigInvoker.java:348)
at org.testng.internal.ConfigInvoker.invokeConfigurations(ConfigInvoker.java:302)
at org.testng.internal.TestMethodWorker.invokeBeforeClassMethods(TestMethodWorker.java:176)
at org.testng.internal.TestMethodWorker.run(TestMethodWorker.java:122)
at java.base/java.util.ArrayList.forEach(ArrayList.java:1511)
at org.testng.TestRunner.privateRun(TestRunner.java:766)
at org.testng.TestRunner.run(TestRunner.java:587)
at org.testng.SuiteRunner.runTest(SuiteRunner.java:384)
at org.testng.SuiteRunner.access$000(SuiteRunner.java:28)
at org.testng.SuiteRunner$SuiteWorker.run(SuiteRunner.java:425)
at org.testng.internal.thread.ThreadUtil.lambda$execute$0(ThreadUtil.java:68)
at java.base/java.util.concurrent.FutureTask.run(FutureTask.java:264)
at java.base/java.util.concurrent.ThreadPoolExecutor.runWorker(ThreadPoolExecutor.java:1130)
at java.base/java.util.concurrent.ThreadPoolExecutor$Worker.run(ThreadPoolExecutor.java:630)
at java.base/java.lang.Thread.run(Thread.java:832)
]]>
    </failure>
  </testcase> <!-- @BeforeClass Accountspgsetup -->
  <testcase classname="com.opencart.testcases.ProductInfoPageTest" name="@BeforeClass ProductInfoPgSetup" time="0.001">
    <failure type="java.lang.NullPointerException" message="Cannot invoke &amp;quot;java.util.Properties.getProperty(String)&amp;quot; because &amp;quot;this.prop&amp;quot; is null">
      <![CDATA[java.lang.NullPointerException: Cannot invoke "java.util.Properties.getProperty(String)" because "this.prop" is null
at com.opencart.testcases.ProductInfoPageTest.ProductInfoPgSetup(ProductInfoPageTest.java:14)
at java.base/jdk.internal.reflect.NativeMethodAccessorImpl.invoke0(Native Method)
at java.base/jdk.internal.reflect.NativeMethodAccessorImpl.invoke(NativeMethodAccessorImpl.java:64)
at java.base/jdk.internal.reflect.DelegatingMethodAccessorImpl.invoke(DelegatingMethodAccessorImpl.java:43)
at java.base/java.lang.reflect.Method.invoke(Method.java:564)
at org.testng.internal.MethodInvocationHelper.invokeMethod(MethodInvocationHelper.java:134)
at org.testng.internal.MethodInvocationHelper.invokeMethodConsideringTimeout(MethodInvocationHelper.java:63)
at org.testng.internal.ConfigInvoker.invokeConfigurationMethod(ConfigInvoker.java:348)
at org.testng.internal.ConfigInvoker.invokeConfigurations(ConfigInvoker.java:302)
at org.testng.internal.TestMethodWorker.invokeBeforeClassMethods(TestMethodWorker.java:176)
at org.testng.internal.TestMethodWorker.run(TestMethodWorker.java:122)
at java.base/java.util.ArrayList.forEach(ArrayList.java:1511)
at org.testng.TestRunner.privateRun(TestRunner.java:766)
at org.testng.TestRunner.run(TestRunner.java:587)
at org.testng.SuiteRunner.runTest(SuiteRunner.java:384)
at org.testng.SuiteRunner.access$000(SuiteRunner.java:28)
at org.testng.SuiteRunner$SuiteWorker.run(SuiteRunner.java:425)
at org.testng.internal.thread.ThreadUtil.lambda$execute$0(ThreadUtil.java:68)
at java.base/java.util.concurrent.FutureTask.run(FutureTask.java:264)
at java.base/java.util.concurrent.ThreadPoolExecutor.runWorker(ThreadPoolExecutor.java:1130)
at java.base/java.util.concurrent.ThreadPoolExecutor$Worker.run(ThreadPoolExecutor.java:630)
at java.base/java.lang.Thread.run(Thread.java:832)
]]>
    </failure>
  </testcase> <!-- @BeforeClass ProductInfoPgSetup -->
  <testcase classname="com.opencart.testcases.RegisterPageTest" name="@BeforeClass RegisterPageSetup" time="0.001">
    <failure type="java.lang.NullPointerException" message="Cannot invoke &amp;quot;com.opencart.pages.LoginPage.navigateToRegisterPage()&amp;quot; because &amp;quot;this.loginpg&amp;quot; is null">
      <![CDATA[java.lang.NullPointerException: Cannot invoke "com.opencart.pages.LoginPage.navigateToRegisterPage()" because "this.loginpg" is null
at com.opencart.testcases.RegisterPageTest.RegisterPageSetup(RegisterPageTest.java:22)
at java.base/jdk.internal.reflect.NativeMethodAccessorImpl.invoke0(Native Method)
at java.base/jdk.internal.reflect.NativeMethodAccessorImpl.invoke(NativeMethodAccessorImpl.java:64)
at java.base/jdk.internal.reflect.DelegatingMethodAccessorImpl.invoke(DelegatingMethodAccessorImpl.java:43)
at java.base/java.lang.reflect.Method.invoke(Method.java:564)
at org.testng.internal.MethodInvocationHelper.invokeMethod(MethodInvocationHelper.java:134)
at org.testng.internal.MethodInvocationHelper.invokeMethodConsideringTimeout(MethodInvocationHelper.java:63)
at org.testng.internal.ConfigInvoker.invokeConfigurationMethod(ConfigInvoker.java:348)
at org.testng.internal.ConfigInvoker.invokeConfigurations(ConfigInvoker.java:302)
at org.testng.internal.TestMethodWorker.invokeBeforeClassMethods(TestMethodWorker.java:176)
at org.testng.internal.TestMethodWorker.run(TestMethodWorker.java:122)
at java.base/java.util.ArrayList.forEach(ArrayList.java:1511)
at org.testng.TestRunner.privateRun(TestRunner.java:766)
at org.testng.TestRunner.run(TestRunner.java:587)
at org.testng.SuiteRunner.runTest(SuiteRunner.java:384)
at org.testng.SuiteRunner.access$000(SuiteRunner.java:28)
at org.testng.SuiteRunner$SuiteWorker.run(SuiteRunner.java:425)
at org.testng.internal.thread.ThreadUtil.lambda$execute$0(ThreadUtil.java:68)
at java.base/java.util.concurrent.FutureTask.run(FutureTask.java:264)
at java.base/java.util.concurrent.ThreadPoolExecutor.runWorker(ThreadPoolExecutor.java:1130)
at java.base/java.util.concurrent.ThreadPoolExecutor$Worker.run(ThreadPoolExecutor.java:630)
at java.base/java.lang.Thread.run(Thread.java:832)
]]>
    </failure>
  </testcase> <!-- @BeforeClass RegisterPageSetup -->
  <testcase classname="com.opencart.testcases.AccountPageTest" name="AccHeadersTest" time="0.0">
    <skipped/>
  </testcase> <!-- AccHeadersTest -->
  <testcase classname="com.opencart.testcases.AccountPageTest" name="AccountPageURLTest" time="0.0">
    <skipped/>
  </testcase> <!-- AccountPageURLTest -->
  <testcase classname="com.opencart.testcases.AccountPageTest" name="AccountPgTitleTest" time="0.0">
    <skipped/>
  </testcase> <!-- AccountPgTitleTest -->
  <testcase classname="com.opencart.testcases.ProductInfoPageTest" name="AddToCartTest" time="0.0">
    <skipped/>
  </testcase> <!-- AddToCartTest -->
  <testcase classname="com.opencart.testcases.ProductInfoPageTest" name="AddToCartTest" time="0.0">
    <skipped/>
  </testcase> <!-- AddToCartTest -->
  <testcase classname="com.opencart.testcases.AccountPageTest" name="LogoutLinkExistTest" time="0.0">
    <skipped/>
  </testcase> <!-- LogoutLinkExistTest -->
  <testcase classname="com.opencart.testcases.AccountPageTest" name="PerformSearchTest" time="0.0">
    <skipped/>
  </testcase> <!-- PerformSearchTest -->
  <testcase classname="com.opencart.testcases.AccountPageTest" name="PerformSearchTest" time="0.0">
    <skipped/>
  </testcase> <!-- PerformSearchTest -->
  <testcase classname="com.opencart.testcases.ProductInfoPageTest" name="ProdDecsriptionTest" time="0.0">
    <skipped/>
  </testcase> <!-- ProdDecsriptionTest -->
  <testcase classname="com.opencart.testcases.ProductInfoPageTest" name="ProdDecsriptionTest" time="0.0">
    <skipped/>
  </testcase> <!-- ProdDecsriptionTest -->
  <testcase classname="com.opencart.testcases.ProductInfoPageTest" name="ProdImageCountTest" time="0.0">
    <skipped/>
  </testcase> <!-- ProdImageCountTest -->
  <testcase classname="com.opencart.testcases.ProductInfoPageTest" name="ProdImageCountTest" time="0.0">
    <skipped/>
  </testcase> <!-- ProdImageCountTest -->
  <testcase classname="com.opencart.testcases.RegisterPageTest" name="RegisterPgTitleTest" time="0.0">
    <skipped/>
  </testcase> <!-- RegisterPgTitleTest -->
  <testcase classname="com.opencart.testcases.RegisterPageTest" name="RegistrationTest" time="0.0">
    <skipped/>
  </testcase> <!-- RegistrationTest -->
  <testcase classname="com.opencart.testcases.RegisterPageTest" name="RegistrationTest" time="0.0">
    <skipped/>
  </testcase> <!-- RegistrationTest -->
  <testcase classname="com.opencart.testcases.RegisterPageTest" name="RegistrationTest" time="0.0">
    <skipped/>
  </testcase> <!-- RegistrationTest -->
  <testcase classname="com.opencart.testcases.AccountPageTest" name="SearchPageExistsTest" time="0.0">
    <skipped/>
  </testcase> <!-- SearchPageExistsTest -->
  <testcase classname="com.opencart.testcases.AccountPageTest" name="SearchProductCountTest" time="0.0">
    <skipped/>
  </testcase> <!-- SearchProductCountTest -->
  <testcase classname="com.opencart.testcases.AccountPageTest" name="SearchProductCountTest" time="0.0">
    <skipped/>
  </testcase> <!-- SearchProductCountTest -->
  <testcase classname="com.opencart.testcases.AccountPageTest" name="SelectProductTest" time="0.0">
    <skipped/>
  </testcase> <!-- SelectProductTest -->
  <testcase classname="com.opencart.testcases.AccountPageTest" name="SelectProductTest" time="0.0">
    <skipped/>
  </testcase> <!-- SelectProductTest -->
  <testcase classname="com.opencart.testcases.ProductInfoPageTest" name="getProductInfoTest" time="0.0">
    <skipped/>
  </testcase> <!-- getProductInfoTest -->
  <testcase classname="com.opencart.testcases.ProductInfoPageTest" name="getProductInfoTest" time="0.0">
    <skipped/>
  </testcase> <!-- getProductInfoTest -->
  <testcase classname="com.opencart.testcases.LoginPageTest" name="LoginPageTilteTest" time="0.041"/>
  <testcase classname="com.opencart.testcases.LoginPageTest" name="LoginPageURLTest" time="0.017"/>
  <testcase classname="com.opencart.testcases.LoginPageTest" name="forgotPwdLinkExistTest" time="0.232"/>
  <testcase classname="com.opencart.testcases.LoginPageTest" name="logintest" time="3.23"/>
  <testcase classname="com.opencart.base.BaseTest" name="@BeforeTest setup" time="0.0">
    <ignored/>
  </testcase> <!-- @BeforeTest setup -->
  <testcase classname="com.opencart.base.BaseTest" name="@BeforeTest setup" time="0.0">
    <ignored/>
  </testcase> <!-- @BeforeTest setup -->
  <testcase classname="com.opencart.base.BaseTest" name="@BeforeTest setup" time="0.0">
    <ignored/>
  </testcase> <!-- @BeforeTest setup -->
  <testcase classname="com.opencart.base.BaseTest" name="@AfterTest teardown" time="0.0">
    <ignored/>
  </testcase> <!-- @AfterTest teardown -->
  <testcase classname="com.opencart.base.BaseTest" name="@AfterTest teardown" time="0.0">
    <ignored/>
  </testcase> <!-- @AfterTest teardown -->
  <testcase classname="com.opencart.base.BaseTest" name="@AfterTest teardown" time="0.0">
    <ignored/>
  </testcase> <!-- @AfterTest teardown -->
</testsuite> <!-- OpenCart Project -->
