<?xml version="1.0" encoding="UTF-8"?>
<!-- Generated by org.testng.reporters.JUnitXMLReporter -->
<testsuite ignored="0" hostname="pavanis-Air" failures="2" tests="8" name="Product Info Page" time="38.603" errors="0" timestamp="2024-04-14T21:41:58 CDT">
  <testcase classname="com.opencart.testcases.ProductInfoPageTest" name="AddToCartTest" time="5.543">
    <failure type="java.lang.AssertionError">
      <![CDATA[java.lang.AssertionError: 
at com.opencart.testcases.ProductInfoPageTest.AddToCartTest(ProductInfoPageTest.java:59)
at java.base/java.util.ArrayList.forEach(ArrayList.java:1511)
... Removed 30 stack frames]]>
    </failure>
  </testcase> <!-- AddToCartTest -->
  <testcase classname="com.opencart.testcases.ProductInfoPageTest" name="AddToCartTest" time="4.494">
    <failure type="java.lang.AssertionError">
      <![CDATA[java.lang.AssertionError: 
at com.opencart.testcases.ProductInfoPageTest.AddToCartTest(ProductInfoPageTest.java:59)
at java.base/java.util.ArrayList.forEach(ArrayList.java:1511)
... Removed 30 stack frames]]>
    </failure>
  </testcase> <!-- AddToCartTest -->
  <testcase classname="com.opencart.testcases.ProductInfoPageTest" name="ProdDecsriptionTest" time="2.919"/>
  <testcase classname="com.opencart.testcases.ProductInfoPageTest" name="ProdDecsriptionTest" time="2.897"/>
  <testcase classname="com.opencart.testcases.ProductInfoPageTest" name="ProdImageCountTest" time="2.241"/>
  <testcase classname="com.opencart.testcases.ProductInfoPageTest" name="ProdImageCountTest" time="2.172"/>
  <testcase classname="com.opencart.testcases.ProductInfoPageTest" name="getProductInfoTest" time="3.285"/>
  <testcase classname="com.opencart.testcases.ProductInfoPageTest" name="getProductInfoTest" time="3.37"/>
</testsuite> <!-- Product Info Page -->
