<?xml version="1.0" encoding="UTF-8"?>
<!-- Generated by org.testng.reporters.JUnitXMLReporter -->
<testsuite ignored="0" hostname="pavanis-Air" failures="2" tests="6" name="ProductInfoPage" time="46.388" errors="0" timestamp="2024-04-14T14:47:37 CDT">
  <testcase classname="com.opencart.testcases.ProductInfoPageTest" name="ProdDecsriptionTest" time="2.773"/>
  <testcase classname="com.opencart.testcases.ProductInfoPageTest" name="ProdImageCountTest" time="2.062"/>
  <testcase classname="com.opencart.testcases.RegisterPageTest" name="RegistrationTest" time="9.078"/>
  <testcase classname="com.opencart.testcases.ProductInfoPageTest" name="ProdImageCountTest" time="2.231"/>
  <testcase classname="com.opencart.testcases.ProductInfoPageTest" name="getProductInfoTest" time="2.931">
    <failure type="java.lang.AssertionError" message="The following asserts failed:
	expected [true] but found [false],
	expected [Success: You have added MacBook Air to your shopping cart!] but found [Success: You have added MacBook Air to your shopping cart!
×],
	expected [true] but found [false],
	expected [Success: You have added MacBook Pro to your shopping cart!] but found [Success: You have added MacBook Pro to your shopping cart!
×]">
      <![CDATA[java.lang.AssertionError: The following asserts failed:
expected [true] but found [false],
expected [Success: You have added MacBook Air to your shopping cart!] but found [Success: You have added MacBook Air to your shopping cart!
×],
expected [true] but found [false],
expected [Success: You have added MacBook Pro to your shopping cart!] but found [Success: You have added MacBook Pro to your shopping cart!
×]
at com.opencart.testcases.ProductInfoPageTest.getProductInfoTest(ProductInfoPageTest.java:48)
at java.base/java.util.ArrayList.forEach(ArrayList.java:1511)
at java.base/java.util.concurrent.FutureTask.run(FutureTask.java:264)
at java.base/java.util.concurrent.ThreadPoolExecutor.runWorker(ThreadPoolExecutor.java:1130)
at java.base/java.util.concurrent.ThreadPoolExecutor$Worker.run(ThreadPoolExecutor.java:630)
at java.base/java.lang.Thread.run(Thread.java:832)
... Removed 20 stack frames]]>
    </failure>
  </testcase> <!-- getProductInfoTest -->
  <testcase classname="com.opencart.testcases.ProductInfoPageTest" name="getProductInfoTest" time="3.05">
    <failure type="java.lang.AssertionError" message="The following asserts failed:
	expected [true] but found [false],
	expected [Success: You have added MacBook Air to your shopping cart!] but found [Success: You have added MacBook Air to your shopping cart!
×],
	expected [true] but found [false],
	expected [Success: You have added MacBook Pro to your shopping cart!] but found [Success: You have added MacBook Pro to your shopping cart!
×]">
      <![CDATA[java.lang.AssertionError: The following asserts failed:
expected [true] but found [false],
expected [Success: You have added MacBook Air to your shopping cart!] but found [Success: You have added MacBook Air to your shopping cart!
×],
expected [true] but found [false],
expected [Success: You have added MacBook Pro to your shopping cart!] but found [Success: You have added MacBook Pro to your shopping cart!
×]
at com.opencart.testcases.ProductInfoPageTest.getProductInfoTest(ProductInfoPageTest.java:48)
at java.base/java.util.ArrayList.forEach(ArrayList.java:1511)
at java.base/java.util.concurrent.FutureTask.run(FutureTask.java:264)
at java.base/java.util.concurrent.ThreadPoolExecutor.runWorker(ThreadPoolExecutor.java:1130)
at java.base/java.util.concurrent.ThreadPoolExecutor$Worker.run(ThreadPoolExecutor.java:630)
at java.base/java.lang.Thread.run(Thread.java:832)
... Removed 20 stack frames]]>
    </failure>
  </testcase> <!-- getProductInfoTest -->
</testsuite> <!-- ProductInfoPage -->
