<?xml version="1.0" encoding="UTF-8"?>
<!-- Generated by org.testng.reporters.JUnitXMLReporter -->
<testsuite ignored="6" hostname="pavanis-Air" failures="4" tests="27" name="Test" time="44.773" errors="0" timestamp="2024-04-14T20:53:49 CDT">
  <testcase classname="com.opencart.testcases.ProductInfoPageTest" name="@BeforeClass ProductInfoPgSetup" time="0.001">
    <failure type="java.lang.NullPointerException" message="Cannot invoke &amp;quot;java.util.Properties.getProperty(String)&amp;quot; because &amp;quot;this.prop&amp;quot; is null">
      <![CDATA[java.lang.NullPointerException: Cannot invoke "java.util.Properties.getProperty(String)" because "this.prop" is null
at com.opencart.testcases.ProductInfoPageTest.ProductInfoPgSetup(ProductInfoPageTest.java:17)
at java.base/java.util.ArrayList.forEach(ArrayList.java:1511)
... Removed 25 stack frames]]>
    </failure>
  </testcase> <!-- @BeforeClass ProductInfoPgSetup -->
  <testcase classname="com.opencart.testcases.AccountPageTest" name="@BeforeClass Accountspgsetup" time="0.001">
    <failure type="java.lang.NullPointerException" message="Cannot invoke &amp;quot;java.util.Properties.getProperty(String)&amp;quot; because &amp;quot;this.prop&amp;quot; is null">
      <![CDATA[java.lang.NullPointerException: Cannot invoke "java.util.Properties.getProperty(String)" because "this.prop" is null
at com.opencart.testcases.AccountPageTest.Accountspgsetup(AccountPageTest.java:19)
at java.base/java.util.ArrayList.forEach(ArrayList.java:1511)
... Removed 25 stack frames]]>
    </failure>
  </testcase> <!-- @BeforeClass Accountspgsetup -->
  <testcase classname="com.opencart.testcases.RegisterPageTest" name="RegisterPgTitleTest" time="1.354"/>
  <testcase classname="com.opencart.testcases.RegisterPageTest" name="RegistrationTest" time="10.99"/>
  <testcase classname="com.opencart.testcases.RegisterPageTest" name="RegistrationTest" time="9.619"/>
  <testcase classname="com.opencart.testcases.RegisterPageTest" name="RegistrationTest" time="9.426"/>
  <testcase classname="com.opencart.testcases.LoginPageTest" name="LoginPageTilteTest" time="0.002">
    <failure type="java.lang.NullPointerException" message="Cannot invoke &amp;quot;com.opencart.pages.LoginPage.getLoginPageTitle()&amp;quot; because &amp;quot;this.loginpg&amp;quot; is null">
      <![CDATA[java.lang.NullPointerException: Cannot invoke "com.opencart.pages.LoginPage.getLoginPageTitle()" because "this.loginpg" is null
at com.opencart.testcases.LoginPageTest.LoginPageTilteTest(LoginPageTest.java:13)
at java.base/java.util.ArrayList.forEach(ArrayList.java:1511)
... Removed 27 stack frames]]>
    </failure>
  </testcase> <!-- LoginPageTilteTest -->
  <testcase classname="com.opencart.testcases.LoginPageTest" name="LoginPageURLTest" time="0.002">
    <failure type="java.lang.NullPointerException" message="Cannot invoke &amp;quot;com.opencart.pages.LoginPage.getLoginPageURL()&amp;quot; because &amp;quot;this.loginpg&amp;quot; is null">
      <![CDATA[java.lang.NullPointerException: Cannot invoke "com.opencart.pages.LoginPage.getLoginPageURL()" because "this.loginpg" is null
at com.opencart.testcases.LoginPageTest.LoginPageURLTest(LoginPageTest.java:18)
at java.base/java.util.ArrayList.forEach(ArrayList.java:1511)
... Removed 27 stack frames]]>
    </failure>
  </testcase> <!-- LoginPageURLTest -->
  <testcase classname="com.opencart.testcases.LoginPageTest" name="forgotPwdLinkExistTest" time="0.001">
    <failure type="java.lang.NullPointerException" message="Cannot invoke &amp;quot;com.opencart.pages.LoginPage.ForgotPwdLinkExist()&amp;quot; because &amp;quot;this.loginpg&amp;quot; is null">
      <![CDATA[java.lang.NullPointerException: Cannot invoke "com.opencart.pages.LoginPage.ForgotPwdLinkExist()" because "this.loginpg" is null
at com.opencart.testcases.LoginPageTest.forgotPwdLinkExistTest(LoginPageTest.java:23)
at java.base/java.util.ArrayList.forEach(ArrayList.java:1511)
... Removed 27 stack frames]]>
    </failure>
  </testcase> <!-- forgotPwdLinkExistTest -->
  <testcase classname="com.opencart.testcases.LoginPageTest" name="logintest" time="0.004">
    <failure type="java.lang.NullPointerException" message="Cannot invoke &amp;quot;java.util.Properties.getProperty(String)&amp;quot; because &amp;quot;this.prop&amp;quot; is null">
      <![CDATA[java.lang.NullPointerException: Cannot invoke "java.util.Properties.getProperty(String)" because "this.prop" is null
at com.opencart.testcases.LoginPageTest.logintest(LoginPageTest.java:27)
at java.base/java.util.ArrayList.forEach(ArrayList.java:1511)
... Removed 27 stack frames]]>
    </failure>
  </testcase> <!-- logintest -->
  <testcase classname="com.opencart.testcases.ProductInfoPageTest" name="AddToCartTest" time="0.0">
    <skipped/>
  </testcase> <!-- AddToCartTest -->
  <testcase classname="com.opencart.testcases.ProductInfoPageTest" name="AddToCartTest" time="0.0">
    <skipped/>
  </testcase> <!-- AddToCartTest -->
  <testcase classname="com.opencart.testcases.ProductInfoPageTest" name="ProdDecsriptionTest" time="0.0">
    <skipped/>
  </testcase> <!-- ProdDecsriptionTest -->
  <testcase classname="com.opencart.testcases.ProductInfoPageTest" name="ProdDecsriptionTest" time="0.0">
    <skipped/>
  </testcase> <!-- ProdDecsriptionTest -->
  <testcase classname="com.opencart.testcases.ProductInfoPageTest" name="ProdImageCountTest" time="0.0">
    <skipped/>
  </testcase> <!-- ProdImageCountTest -->
  <testcase classname="com.opencart.testcases.ProductInfoPageTest" name="ProdImageCountTest" time="0.0">
    <skipped/>
  </testcase> <!-- ProdImageCountTest -->
  <testcase classname="com.opencart.testcases.ProductInfoPageTest" name="getProductInfoTest" time="0.0">
    <skipped/>
  </testcase> <!-- getProductInfoTest -->
  <testcase classname="com.opencart.testcases.ProductInfoPageTest" name="getProductInfoTest" time="0.0">
    <skipped/>
  </testcase> <!-- getProductInfoTest -->
  <testcase classname="com.opencart.testcases.AccountPageTest" name="AccHeadersTest" time="0.0">
    <skipped/>
  </testcase> <!-- AccHeadersTest -->
  <testcase classname="com.opencart.testcases.AccountPageTest" name="AccountPageURLTest" time="0.0">
    <skipped/>
  </testcase> <!-- AccountPageURLTest -->
  <testcase classname="com.opencart.testcases.AccountPageTest" name="AccountPgTitleTest" time="0.0">
    <skipped/>
  </testcase> <!-- AccountPgTitleTest -->
  <testcase classname="com.opencart.testcases.AccountPageTest" name="LogoutLinkExistTest" time="0.0">
    <skipped/>
  </testcase> <!-- LogoutLinkExistTest -->
  <testcase classname="com.opencart.testcases.AccountPageTest" name="PerformSearchTest" time="0.0">
    <skipped/>
  </testcase> <!-- PerformSearchTest -->
  <testcase classname="com.opencart.testcases.AccountPageTest" name="PerformSearchTest" time="0.0">
    <skipped/>
  </testcase> <!-- PerformSearchTest -->
  <testcase classname="com.opencart.testcases.AccountPageTest" name="SearchPageExistsTest" time="0.0">
    <skipped/>
  </testcase> <!-- SearchPageExistsTest -->
  <testcase classname="com.opencart.testcases.AccountPageTest" name="SearchProductCountTest" time="0.0">
    <skipped/>
  </testcase> <!-- SearchProductCountTest -->
  <testcase classname="com.opencart.testcases.AccountPageTest" name="SearchProductCountTest" time="0.0">
    <skipped/>
  </testcase> <!-- SearchProductCountTest -->
  <testcase classname="com.opencart.testcases.AccountPageTest" name="SelectProductTest" time="0.0">
    <skipped/>
  </testcase> <!-- SelectProductTest -->
  <testcase classname="com.opencart.testcases.AccountPageTest" name="SelectProductTest" time="0.0">
    <skipped/>
  </testcase> <!-- SelectProductTest -->
  <testcase classname="com.opencart.base.BaseTest" name="@BeforeTest setup" time="0.0">
    <ignored/>
  </testcase> <!-- @BeforeTest setup -->
  <testcase classname="com.opencart.base.BaseTest" name="@BeforeTest setup" time="0.0">
    <ignored/>
  </testcase> <!-- @BeforeTest setup -->
  <testcase classname="com.opencart.base.BaseTest" name="@BeforeTest setup" time="0.0">
    <ignored/>
  </testcase> <!-- @BeforeTest setup -->
  <testcase classname="com.opencart.base.BaseTest" name="@AfterTest teardown" time="0.0">
    <ignored/>
  </testcase> <!-- @AfterTest teardown -->
  <testcase classname="com.opencart.base.BaseTest" name="@AfterTest teardown" time="0.0">
    <ignored/>
  </testcase> <!-- @AfterTest teardown -->
  <testcase classname="com.opencart.base.BaseTest" name="@AfterTest teardown" time="0.0">
    <ignored/>
  </testcase> <!-- @AfterTest teardown -->
</testsuite> <!-- Test -->
